This is LuaTeX, Version beta-0.80.0 (TeX Live 2016/dev) (rev 5238)  (format=lualatex 2016.9.6)  30 OCT 2016 11:00
 restricted \write18 enabled.
**pingkochiu_resume.tex
(./pingkochiu_resume.tex
LaTeX2e <2015/01/01> patch level 2
Babel <3.9m> and hyphenation patterns for 2 languages loaded.
(./alec_mori_resume_template.cls
Document Class: alec_mori_resume_template 09/10/2015 My Resume
(/usr/share/texlive/texmf-dist/tex/latex/base/article.cls
Document Class: article 2014/09/29 v1.4h Standard LaTeX document class
(/usr/share/texlive/texmf-dist/tex/latex/base/size10.clo
File: size10.clo 2014/09/29 v1.4h Standard LaTeX file (size option)
)
\c@part=\count79
\c@section=\count80
\c@subsection=\count81
\c@subsubsection=\count82
\c@paragraph=\count83
\c@subparagraph=\count84
\c@figure=\count85
\c@table=\count86
\abovecaptionskip=\skip41
\belowcaptionskip=\skip42
\bibindent=\dimen102
)
(/usr/share/texlive/texmf-dist/tex/latex/geometry/geometry.sty
Package: geometry 2010/09/12 v5.6 Page Geometry

(/usr/share/texlive/texmf-dist/tex/latex/graphics/keyval.sty
Package: keyval 2014/10/28 v1.15 key=value parser (DPC)
\KV@toks@=\toks14
)
(/usr/share/texlive/texmf-dist/tex/generic/oberdiek/ifpdf.sty
Package: ifpdf 2011/01/30 v2.3 Provides the ifpdf switch (HO)
Package ifpdf Info: pdfTeX in PDF mode is detected.
)
(/usr/share/texlive/texmf-dist/tex/generic/oberdiek/ifvtex.sty
Package: ifvtex 2010/03/01 v1.5 Detect VTeX and its facilities (HO)
Package ifvtex Info: VTeX not detected.
)
(/usr/share/texlive/texmf-dist/tex/generic/ifxetex/ifxetex.sty
Package: ifxetex 2010/09/12 v0.6 Provides ifxetex conditional
)
\Gm@cnth=\count87
\Gm@cntv=\count88
\c@Gm@tempcnt=\count89
\Gm@bindingoffset=\dimen103
\Gm@wd@mp=\dimen104
\Gm@odd@mp=\dimen105
\Gm@even@mp=\dimen106
\Gm@layoutwidth=\dimen107
\Gm@layoutheight=\dimen108
\Gm@layouthoffset=\dimen109
\Gm@layoutvoffset=\dimen110
\Gm@dimlist=\toks15
)
(/usr/share/texlive/texmf-dist/tex/latex/hyperref/hyperref.sty
Package: hyperref 2012/11/06 v6.83m Hypertext links for LaTeX

(/usr/share/texlive/texmf-dist/tex/generic/oberdiek/hobsub-hyperref.sty
Package: hobsub-hyperref 2012/05/28 v1.13 Bundle oberdiek, subset hyperref (HO)

(/usr/share/texlive/texmf-dist/tex/generic/oberdiek/hobsub-generic.sty
Package: hobsub-generic 2012/05/28 v1.13 Bundle oberdiek, subset generic (HO)
Package: hobsub 2012/05/28 v1.13 Construct package bundles (HO)
Package: infwarerr 2010/04/08 v1.3 Providing info/warning/error messages (HO)
Package: ltxcmds 2011/11/09 v1.22 LaTeX kernel commands for general use (HO)
Package: ifluatex 2010/03/01 v1.3 Provides the ifluatex switch (HO)
Package ifluatex Info: LuaTeX detected.
Package hobsub Info: Skipping package `ifvtex' (already loaded).
Package: intcalc 2007/09/27 v1.1 Expandable calculations with integers (HO)
Package hobsub Info: Skipping package `ifpdf' (already loaded).
Package: etexcmds 2011/02/16 v1.5 Avoid name clashes with e-TeX commands (HO)
Package: kvsetkeys 2012/04/25 v1.16 Key value parser (HO)
Package: kvdefinekeys 2011/04/07 v1.3 Define keys (HO)
Package: luatex-loader 2010/03/09 v0.4 Lua module loader (HO)

(/usr/share/texlive/texmf-dist/scripts/oberdiek/oberdiek.luatex.lua)
Package: pdftexcmds 2011/11/29 v0.20 Utility functions of pdfTeX for LuaTeX (HO)

Package pdftexcmds Info: \pdf@primitive is available.
Package pdftexcmds Info: \pdf@ifprimitive is available.
Package pdftexcmds Info: \pdfdraftmode found.
\pdftexcmds@toks=\toks16
Package: pdfescape 2011/11/25 v1.13 Implements pdfTeX's escape features (HO)
Package: bigintcalc 2012/04/08 v1.3 Expandable calculations on big integers (HO)

Package: bitset 2011/01/30 v1.1 Handle bit-vector datatype (HO)
Package: uniquecounter 2011/01/30 v1.2 Provide unlimited unique counter (HO)
)
Package hobsub Info: Skipping package `hobsub' (already loaded).
Package: letltxmacro 2010/09/02 v1.4 Let assignment for LaTeX macros (HO)
Package: hopatch 2012/05/28 v1.2 Wrapper for package hooks (HO)
Package: xcolor-patch 2011/01/30 xcolor patch
Package: atveryend 2011/06/30 v1.8 Hooks at the very end of document (HO)
Package atveryend Info: \enddocument detected (standard20110627).
Package: atbegshi 2011/10/05 v1.16 At begin shipout hook (HO)
Package: refcount 2011/10/16 v3.4 Data extraction from label references (HO)
Package: hycolor 2011/01/30 v1.7 Color options for hyperref/bookmark (HO)
)
(/usr/share/texlive/texmf-dist/tex/latex/oberdiek/auxhook.sty
Package: auxhook 2011/03/04 v1.3 Hooks for auxiliary files (HO)
)
(/usr/share/texlive/texmf-dist/tex/latex/oberdiek/kvoptions.sty
Package: kvoptions 2011/06/30 v3.11 Key value format for package options (HO)
)
\@linkdim=\dimen111
\Hy@linkcounter=\count90
\Hy@pagecounter=\count91

(/usr/share/texlive/texmf-dist/tex/latex/hyperref/pd1enc.def
File: pd1enc.def 2012/11/06 v6.83m Hyperref: PDFDocEncoding definition (HO)
)
\Hy@SavedSpaceFactor=\count92

(/usr/share/texlive/texmf-dist/tex/latex/latexconfig/hyperref.cfg
File: hyperref.cfg 2002/06/06 v1.2 hyperref configuration of TeXLive
)
Package hyperref Info: Hyper figures OFF on input line 4443.
Package hyperref Info: Link nesting OFF on input line 4448.
Package hyperref Info: Hyper index ON on input line 4451.
Package hyperref Info: Plain pages OFF on input line 4458.
Package hyperref Info: Backreferencing OFF on input line 4463.
Package hyperref Info: Implicit mode ON; LaTeX internals redefined.
Package hyperref Info: Bookmarks ON on input line 4688.
\c@Hy@tempcnt=\count93

(/usr/share/texlive/texmf-dist/tex/latex/url/url.sty
\Urlmuskip=\muskip10
Package: url 2013/09/16  ver 3.4  Verb mode for urls, etc.
)
LaTeX Info: Redefining \url on input line 5041.
\XeTeXLinkMargin=\dimen112
\Fld@menulength=\count94
\Field@Width=\dimen113
\Fld@charsize=\dimen114
Package hyperref Info: Hyper figures OFF on input line 6295.
Package hyperref Info: Link nesting OFF on input line 6300.
Package hyperref Info: Hyper index ON on input line 6303.
Package hyperref Info: backreferencing OFF on input line 6310.
Package hyperref Info: Link coloring OFF on input line 6315.
Package hyperref Info: Link coloring with OCG OFF on input line 6320.
Package hyperref Info: PDF/A mode OFF on input line 6325.
LaTeX Info: Redefining \ref on input line 6365.
LaTeX Info: Redefining \pageref on input line 6369.
\Hy@abspage=\count95
\c@Item=\count96
\c@Hfootnote=\count97
)

Package hyperref Message: Driver (autodetected): hpdftex.

(/usr/share/texlive/texmf-dist/tex/latex/hyperref/hpdftex.def
File: hpdftex.def 2012/11/06 v6.83m Hyperref driver for pdfTeX
\Fld@listcount=\count98
\c@bookmark@seq@number=\count99

(/usr/share/texlive/texmf-dist/tex/latex/oberdiek/rerunfilecheck.sty
Package: rerunfilecheck 2011/04/15 v1.7 Rerun checks for auxiliary files (HO)
Package uniquecounter Info: New unique counter `rerunfilecheck' on input line 28
2.
)
\Hy@SectionHShift=\skip43
)
(/usr/share/texlive/texmf-dist/tex/latex/xcolor/xcolor.sty
Package: xcolor 2007/01/21 v2.11 LaTeX color extensions (UK)

(/usr/share/texlive/texmf-dist/tex/latex/latexconfig/color.cfg
File: color.cfg 2007/01/18 v1.5 color configuration of teTeX/TeXLive
)
Package xcolor Info: Package option `usenames' ignored on input line 216.
Package xcolor Info: Driver file: pdftex.def on input line 225.

(/usr/share/texlive/texmf-dist/tex/latex/pdftex-def/pdftex.def
File: pdftex.def 2011/05/27 v0.06d Graphics/color for pdfTeX
\Gread@gobject=\count100
)
Package xcolor Info: Model `cmy' substituted by `cmy0' on input line 1337.
Package xcolor Info: Model `hsb' substituted by `rgb' on input line 1341.
Package xcolor Info: Model `RGB' extended on input line 1353.
Package xcolor Info: Model `HTML' substituted by `rgb' on input line 1355.
Package xcolor Info: Model `Hsb' substituted by `hsb' on input line 1356.
Package xcolor Info: Model `tHsb' substituted by `hsb' on input line 1357.
Package xcolor Info: Model `HSB' substituted by `hsb' on input line 1358.
Package xcolor Info: Model `Gray' substituted by `gray' on input line 1359.
Package xcolor Info: Model `wave' substituted by `hsb' on input line 1360.

(/usr/share/texlive/texmf-dist/tex/latex/graphics/dvipsnam.def
File: dvipsnam.def 2014/10/14 v3.0j Driver-dependent file (DPC,SPQR)
))
(/usr/share/texlive/texmf-dist/tex/latex/fontspec/fontspec.sty
Package: fontspec 2015/07/22 v2.4d Font selection for XeLaTeX and LuaLaTeX

(/usr/share/texlive/texmf-dist/tex/latex/l3kernel/expl3.sty
Package: expl3 2015/09/11 v6002 L3 programming layer (loader) 

(/usr/share/texlive/texmf-dist/tex/latex/l3kernel/expl3-code.tex
Package: expl3 2015/09/11 v6002 L3 programming layer (code) 
L3 Module: l3bootstrap 2015/09/10 v5983 L3 Bootstrap code
L3 Module: l3names 2015/09/07 v5939 L3 Namespace for primitives
L3 Module: l3basics 2015/09/10 v5983 L3 Basic definitions
L3 Module: l3expan 2015/09/10 v5983 L3 Argument expansion
L3 Module: l3tl 2015/09/10 v5983 L3 Token lists
L3 Module: l3str 2015/09/10 v5983 L3 Strings
L3 Module: l3seq 2015/08/05 v5777 L3 Sequences and stacks
L3 Module: l3int 2015/09/11 v5987 L3 Integers
\c_max_int=\count101
\l_tmpa_int=\count102
\l_tmpb_int=\count103
\g_tmpa_int=\count104
\g_tmpb_int=\count105
L3 Module: l3quark 2015/08/17 v5855 L3 Quarks
L3 Module: l3prg 2015/09/10 v5983 L3 Control structures
\g__prg_map_int=\count106
L3 Module: l3clist 2015/09/02 v5901 L3 Comma separated lists
L3 Module: l3token 2015/08/26 v5893 L3 Experimental token manipulation
L3 Module: l3prop 2015/08/05 v5777 L3 Property lists
L3 Module: l3msg 2015/09/10 v5983 L3 Messages
L3 Module: l3file 2015/08/05 v5786 L3 File and I/O operations
\l_iow_line_count_int=\count107
\l__iow_target_count_int=\count108
\l__iow_current_line_int=\count109
\l__iow_current_word_int=\count110
\l__iow_current_indentation_int=\count111
L3 Module: l3skip 2015/09/10 v5983 L3 Dimensions and skips
\c_zero_dim=\dimen115
\c_max_dim=\dimen116
\l_tmpa_dim=\dimen117
\l_tmpb_dim=\dimen118
\g_tmpa_dim=\dimen119
\g_tmpb_dim=\dimen120
\c_zero_skip=\skip44
\c_max_skip=\skip45
\l_tmpa_skip=\skip46
\l_tmpb_skip=\skip47
\g_tmpa_skip=\skip48
\g_tmpb_skip=\skip49
\c_zero_muskip=\muskip11
\c_max_muskip=\muskip12
\l_tmpa_muskip=\muskip13
\l_tmpb_muskip=\muskip14
\g_tmpa_muskip=\muskip15
\g_tmpb_muskip=\muskip16
L3 Module: l3keys 2015/09/10 v5983 L3 Key-value interfaces
\g__keyval_level_int=\count112
\l_keys_choice_int=\count113
L3 Module: l3fp 2015/08/25 v5890 L3 Floating points
\c__fp_leading_shift_int=\count114
\c__fp_middle_shift_int=\count115
\c__fp_trailing_shift_int=\count116
\c__fp_big_leading_shift_int=\count117
\c__fp_big_middle_shift_int=\count118
\c__fp_big_trailing_shift_int=\count119
\c__fp_Bigg_leading_shift_int=\count120
\c__fp_Bigg_middle_shift_int=\count121
\c__fp_Bigg_trailing_shift_int=\count122
L3 Module: l3box 2015/08/09 v5822 L3 Experimental boxes
\c_empty_box=\box26
\l_tmpa_box=\box27
\l_tmpb_box=\box28
\g_tmpa_box=\box29
\g_tmpb_box=\box30
L3 Module: l3coffins 2015/08/06 v5789 L3 Coffin code layer
\l__coffin_internal_box=\box31
\l__coffin_internal_dim=\dimen121
\l__coffin_offset_x_dim=\dimen122
\l__coffin_offset_y_dim=\dimen123
\l__coffin_x_dim=\dimen124
\l__coffin_y_dim=\dimen125
\l__coffin_x_prime_dim=\dimen126
\l__coffin_y_prime_dim=\dimen127
\c_empty_coffin=\box32
\l__coffin_aligned_coffin=\box33
\l__coffin_aligned_internal_coffin=\box34
\l_tmpa_coffin=\box35
\l_tmpb_coffin=\box36
\l__coffin_display_coffin=\box37
\l__coffin_display_coord_coffin=\box38
\l__coffin_display_pole_coffin=\box39
\l__coffin_display_offset_dim=\dimen128
\l__coffin_display_x_dim=\dimen129
\l__coffin_display_y_dim=\dimen130
L3 Module: l3color 2014/08/23 v5354 L3 Experimental color support
L3 Module: l3candidates 2015/09/11 v6002 L3 Experimental additions to l3kernel
\l__box_top_dim=\dimen131
\l__box_bottom_dim=\dimen132
\l__box_left_dim=\dimen133
\l__box_right_dim=\dimen134
\l__box_top_new_dim=\dimen135
\l__box_bottom_new_dim=\dimen136
\l__box_left_new_dim=\dimen137
\l__box_right_new_dim=\dimen138
\l__box_internal_box=\box40
\l__coffin_bounding_shift_dim=\dimen139
\l__coffin_left_corner_dim=\dimen140
\l__coffin_right_corner_dim=\dimen141
\l__coffin_bottom_corner_dim=\dimen142
\l__coffin_top_corner_dim=\dimen143
\l__coffin_scaled_total_height_dim=\dimen144
\l__coffin_scaled_width_dim=\dimen145
L3 Module: [unknown name] 0000/00/00 v-1 L3 Experimental system/runtime function
s
L3 Module: l3luatex 2015/09/10 v5983 L3 Experimental LuaTeX-specific functions
)
(/usr/share/texlive/texmf-dist/tex/latex/l3kernel/l3unicode-data.def
File: l3unicode-data.def 2015/07/20 v5676 L3 Unicode data
)
(/usr/share/texlive/texmf-dist/tex/latex/l3kernel/l3pdfmode.def
File: l3pdfmode.def 2015/09/10 v5983 L3 Experimental driver: PDF mode
\l__driver_color_stack_int=\count123
))
(/usr/share/texlive/texmf-dist/tex/latex/l3packages/xparse/xparse.sty
Package: xparse 2015/09/11 v6001 L3 Experimental document command parser
\l__xparse_current_arg_int=\count124
\l__xparse_m_args_int=\count125
\l__xparse_mandatory_args_int=\count126
\l__xparse_processor_int=\count127
\l__xparse_v_nesting_int=\count128
)
(/usr/share/texlive/texmf-dist/tex/luatex/luaotfload/luaotfload.sty
Package: luaotfload 2014/08/10 v2.5-4 OpenType layout system

(/usr/share/texlive/texmf-dist/tex/luatex/luatexbase/luatexbase.sty
Package: luatexbase 2013/05/11 v0.6 Resource management for the LuaTeX macro pro
grammer

(/usr/share/texlive/texmf-dist/tex/generic/oberdiek/luatex.sty
Package: luatex 2010/03/09 v0.4 LuaTeX basic definition package (HO)

(/usr/share/texlive/texmf-dist/tex/latex/etex-pkg/etex.sty
Package: etex 2015/09/02 v2.4 eTeX basic definition package (PEB,DPC)
\et@xins=\count129
)
\LuT@AllocAttribute=\count277
\LuT@AllocCatcodeTable=\count278
\CatcodeTableStack=\count279
\CatcodeTableIniTeX=\catcodetable1
\CatcodeTableString=\catcodetable3
\CatcodeTableOther=\catcodetable5
\CatcodeTableLaTeX=\catcodetable7
)
(/usr/share/texlive/texmf-dist/tex/luatex/luatexbase/luatexbase-compat.sty
Package: luatexbase-compat 2011/05/24 v0.4 Compatibility tools for LuaTeX
)
(/usr/share/texlive/texmf-dist/tex/luatex/luatexbase/luatexbase-modutils.sty
Package: luatexbase-modutils 2013/05/11 v0.6 Module utilities for LuaTeX

(/usr/share/texlive/texmf-dist/tex/luatex/luatexbase/luatexbase-loader.sty
Package: luatexbase-loader 2013/05/11 v0.6 Lua module loader for LuaTeX

(/usr/share/texlive/texmf-dist/tex/luatex/luatexbase/luatexbase.loader.lua))
(/usr/share/texlive/texmf-dist/tex/luatex/luatexbase/modutils.lua)
Lua module: luatexbase-modutils 2013/05/11 0.6 Module utilities for LuaTeX
)
(/usr/share/texlive/texmf-dist/tex/luatex/luatexbase/luatexbase-regs.sty
Package: luatexbase-regs 2011/05/24 v0.4 Registers allocation for LuaTeX
)
(/usr/share/texlive/texmf-dist/tex/luatex/luatexbase/luatexbase-attr.sty
Package: luatexbase-attr 2013/05/11 v0.6 Attributes allocation for LuaTeX

(/usr/share/texlive/texmf-dist/tex/luatex/luatexbase/attr.lua)
Lua module: luatexbase-attr 2013/05/11 0.6 Attributes allocation for LuaTeX
\lltxb@attr@unsetvalue=\count280
)
(/usr/share/texlive/texmf-dist/tex/luatex/luatexbase/luatexbase-cctb.sty
Package: luatexbase-cctb 2013/05/11 v0.6 Catcodetable allocation for LuaTeX

(/usr/share/texlive/texmf-dist/tex/luatex/luatexbase/cctb.lua)
Lua module: luatexbase-cctb 2013/05/11 0.6 Catcodetable allocation for LuaTeX
\lltxb@catcodetable@alloc=\count281
\CatcodeTableStack=\count282
\CatcodeTableIniTeX=\luatexcatcodetable1
\CatcodeTableString=\luatexcatcodetable3
\CatcodeTableOther=\luatexcatcodetable5
\CatcodeTableLaTeX=\luatexcatcodetable7
\CatcodeTableLaTeXAtLetter=\luatexcatcodetable9
\CatcodeTableExpl=\luatexcatcodetable11
)
(/usr/share/texlive/texmf-dist/tex/luatex/luatexbase/luatexbase-mcb.sty
Package: luatexbase-mcb 2013/05/11 v0.6 Callback management for LuaTeX

(/usr/share/texlive/texmf-dist/tex/luatex/luatexbase/mcb.lua)
Lua module: luatexbase-mcb 2013/05/11 0.6 register several functions in a callba
ck
))
(/usr/share/texlive/texmf-dist/tex/luatex/luaotfload/luaotfload-main.lua)
Lua module: luaotfload-main 2014/08/10 2.50003 OpenType layout system.

(/usr/share/texlive/texmf-dist/tex/luatex/luaotfload/luaotfload-log.lua)
(/usr/share/texlive/texmf-dist/tex/luatex/luaotfload/luaotfload-fontloader.lua)(
using write cache: /home/pingkoc/.texlive2015/texmf-var/luatex-cache/generic)(us
ing read cache: /usr/share/texlive/texmf-var/luatex-cache/generic /home/pingkoc/
.texlive2015/texmf-var/luatex-cache/generic)
luatexbase-attr: luatexbase.attributes["luaotfload@kernpair"] = 1
luatexbase-attr: luatexbase.attributes["luaotfload@ligacomp"] = 2
luatexbase-attr: luatexbase.attributes["luaotfload@markbase"] = 3
luatexbase-attr: luatexbase.attributes["luaotfload@markmark"] = 4
luatexbase-attr: luatexbase.attributes["luaotfload@markdone"] = 5
luatexbase-attr: luatexbase.attributes["luaotfload@cursbase"] = 6
luatexbase-attr: luatexbase.attributes["luaotfload@curscurs"] = 7
luatexbase-attr: luatexbase.attributes["luaotfload@cursdone"] = 8
luatexbase-attr: luatexbase.attributes["luaotfload@state"] = 9
luaotfload | main : fontloader loaded in 0.020 seconds
luatexbase-mcb: inserting 'luaotfload.node_processor'
at position 1 in 'pre_linebreak_filter'
luatexbase-mcb: inserting 'luaotfload.node_processor'
at position 1 in 'hpack_filter'
luatexbase-mcb: inserting 'luaotfload.find_vf_file'
at position 1 in 'find_vf_file'
(/usr/share/texlive/texmf-dist/tex/luatex/luaotfload/luaotfload-override.lua)
(/usr/share/texlive/texmf-dist/tex/luatex/luaotfload/luaotfload-parsers.lua)
(/usr/share/texlive/texmf-dist/tex/luatex/luaotfload/luaotfload-configuration.lu
a)
(/usr/share/texlive/texmf-dist/tex/luatex/luaotfload/luaotfload-status.lua)
luaotfload | conf : Root cache directory is /home/pingkoc/.texlive2015/texmf-var
/luatex-cache/generic/names.
(/usr/share/texlive/texmf-dist/tex/luatex/luaotfload/luaotfload-loaders.lua)
(/usr/share/texlive/texmf-dist/tex/luatex/luaotfload/luaotfload-database.lua)
(/usr/share/texlive/texmf-dist/tex/luatex/luaotfload/luaotfload-colors.lua)
luaotfload | conf : Root cache directory is /home/pingkoc/.texlive2015/texmf-var
/luatex-cache/generic/names.
luatexbase-mcb: creating 'luaotfload.resolve_font' type 4
luatexbase-mcb: creating 'luaotfload.patch_font' type 4
luatexbase-mcb: resetting callback 'define_font'
luatexbase-mcb: inserting 'luaotfload.define_font'
at position 1 in 'define_font'
(/usr/share/texlive/texmf-dist/tex/luatex/luaotfload/luaotfload-features.lua)
(/usr/share/texlive/texmf-dist/tex/luatex/luaotfload/luaotfload-letterspace.lua)
(/usr/share/texlive/texmf-dist/tex/luatex/luaotfload/luaotfload-auxiliary.lua)
luatexbase-mcb: inserting 'luaotfload.aux.set_sscale_dimens'
at position 1 in 'luaotfload.patch_font'
luatexbase-mcb: inserting 'luaotfload.aux.patch_cambria_domh'
at position 2 in 'luaotfload.patch_font'
luatexbase-mcb: inserting 'luaotfload.aux.set_capheight'
at position 3 in 'luaotfload.patch_font'
luatexbase-mcb: inserting 'luaotfload.rewrite_fontname'
at position 4 in 'luaotfload.patch_font')
(/usr/share/texlive/texmf-dist/tex/latex/fontspec/fontspec.lua)
Lua module: fontspec 2013/05/20 2.3c Advanced font selection for LuaLaTeX.
\l_fontspec_script_int=\count283
\l_fontspec_language_int=\count284
\l_fontspec_strnum_int=\count285
\l__fontspec_tmpa_dim=\dimen256
\l__fontspec_tmpb_dim=\dimen257
\l__fontspec_tmpc_dim=\dimen258

(/usr/share/texlive/texmf-dist/tex/latex/fontspec/fontspec-patches.sty
Package: fontspec-patches 2015/07/22 v2.4d Font selection for XeLaTeX and LuaLaT
eX
LaTeX Info: Redefining \em on input line 49.
LaTeX Info: Redefining \emph on input line 57.
LaTeX Info: Redefining \- on input line 60.
.................................................
. LaTeX info: "xparse/redefine-command"
. 
. Redefining command \oldstylenums with sig. 'm' on line 155.
.................................................
.................................................
. LaTeX info: "xparse/define-command"
. 
. Defining command \liningnums with sig. 'm' on line 159.
.................................................
)
(/usr/share/texlive/texmf-dist/tex/latex/fontspec/fontspec-luatex.sty
Package: fontspec-luatex 2015/07/22 v2.4d Font selection for XeLaTeX and LuaLaTe
X

(/usr/share/texlive/texmf-dist/tex/latex/base/fontenc.sty
Package: fontenc 2005/09/27 v1.99g Standard LaTeX package

(/usr/share/texlive/texmf-dist/tex/latex/euenc/eu2enc.def
File: eu2enc.def 2010/05/27 v0.1h Experimental Unicode font encodings
)
LaTeX Font Info:    Try loading font information for EU2+lmr on input line 105.

(/usr/share/texlive/texmf-dist/tex/latex/euenc/eu2lmr.fd
File: eu2lmr.fd 2009/10/30 v1.6 Font defs for Latin Modern
)
luaotfload | db : Font names database loaded from /home/pingkoc/.texlive2015/tex
mf-var/luatex-cache/generic/names/luaotfload-names.luc(compiling luc: /usr/share
/texlive/texmf-var/luatex-cache/generic/fonts/otf/lmroman10-regular.luc)(load lu
c: /home/pingkoc/.texlive2015/texmf-var/luatex-cache/generic/fonts/otf/lmroman10
-regular.luc))
(/usr/share/texlive/texmf-dist/tex/xelatex/xunicode/xunicode.sty
File: xunicode.sty 2011/09/09 v0.981 provides access to latin accents and many o
ther characters in Unicode lower plane

(/usr/share/texlive/texmf-dist/tex/latex/tipa/t3enc.def
File: t3enc.def 2001/12/31 T3 encoding
(compiling luc: /usr/share/texlive/texmf-var/luatex-cache/generic/fonts/otf/lmro
manslant10-regular.luc)(load luc: /home/pingkoc/.texlive2015/texmf-var/luatex-ca
che/generic/fonts/otf/lmromanslant10-regular.luc)(compiling luc: /usr/share/texl
ive/texmf-var/luatex-cache/generic/fonts/otf/lmroman10-italic.luc)(load luc: /ho
me/pingkoc/.texlive2015/texmf-var/luatex-cache/generic/fonts/otf/lmroman10-itali
c.luc)(compiling luc: /usr/share/texlive/texmf-var/luatex-cache/generic/fonts/ot
f/lmroman10-bold.luc)(load luc: /home/pingkoc/.texlive2015/texmf-var/luatex-cach
e/generic/fonts/otf/lmroman10-bold.luc)
LaTeX Font Info:    Try loading font information for EU2+lmss on input line 357.

 (/usr/share/texlive/texmf-dist/tex/latex/euenc/eu2lmss.fd
File: eu2lmss.fd 2009/10/30 v1.6 Font defs for Latin Modern
)(compiling luc: /usr/share/texlive/texmf-var/luatex-cache/generic/fonts/otf/lms
ans10-regular.luc)(load luc: /home/pingkoc/.texlive2015/texmf-var/luatex-cache/g
eneric/fonts/otf/lmsans10-regular.luc))
\tipaTiiicode=\count286
\tipasavetokens=\toks17
\tipachecktokens=\toks18

(/usr/share/texlive/texmf-dist/tex/latex/graphics/graphicx.sty
Package: graphicx 2014/10/28 v1.0g Enhanced LaTeX Graphics (DPC,SPQR)

(/usr/share/texlive/texmf-dist/tex/latex/graphics/graphics.sty
Package: graphics 2014/10/28 v1.0p Standard LaTeX Graphics (DPC,SPQR)

(/usr/share/texlive/texmf-dist/tex/latex/graphics/trig.sty
Package: trig 1999/03/16 v1.09 sin cos tan (DPC)
)
(/usr/share/texlive/texmf-dist/tex/latex/latexconfig/graphics.cfg
File: graphics.cfg 2010/04/23 v1.9 graphics configuration of TeX Live
)
Package graphics Info: Driver file: pdftex.def on input line 94.
)
\Gin@req@height=\dimen259
\Gin@req@width=\dimen260
))
.................................................
. LaTeX info: "xparse/define-command"
. 
. Defining command \__fontspec_post_arg:w with sig. 'mmO{}' on line 45.
.................................................
.................................................
. LaTeX info: "xparse/define-command"
. 
. Defining command \fontspec with sig. 'om' on line 47.
.................................................
.................................................
. LaTeX info: "xparse/define-command"
. 
. Defining command \setmainfont with sig. 'om' on line 57.
.................................................
.................................................
. LaTeX info: "xparse/define-command"
. 
. Defining command \setsansfont with sig. 'om' on line 67.
.................................................
.................................................
. LaTeX info: "xparse/define-command"
. 
. Defining command \setmonofont with sig. 'om' on line 77.
.................................................
.................................................
. LaTeX info: "xparse/define-command"
. 
. Defining command \setmathrm with sig. 'om' on line 91.
.................................................
.................................................
. LaTeX info: "xparse/define-command"
. 
. Defining command \setboldmathrm with sig. 'om' on line 99.
.................................................
.................................................
. LaTeX info: "xparse/define-command"
. 
. Defining command \setmathsf with sig. 'om' on line 107.
.................................................
.................................................
. LaTeX info: "xparse/define-command"
. 
. Defining command \setmathtt with sig. 'om' on line 115.
.................................................
.................................................
. LaTeX info: "xparse/define-command"
. 
. Defining command \newfontfamily with sig. 'mom' on line 129.
.................................................
.................................................
. LaTeX info: "xparse/define-command"
. 
. Defining command \newfontface with sig. 'mom' on line 144.
.................................................
.................................................
. LaTeX info: "xparse/define-command"
. 
. Defining command \defaultfontfeatures with sig. 't+om' on line 158.
.................................................
.................................................
. LaTeX info: "xparse/define-command"
. 
. Defining command \addfontfeatures with sig. 'm' on line 214.
.................................................
.................................................
. LaTeX info: "xparse/define-command"
. 
. Defining command \newfontfeature with sig. 'mm' on line 225.
.................................................
.................................................
. LaTeX info: "xparse/define-command"
. 
. Defining command \newAATfeature with sig. 'mmmm' on line 233.
.................................................
.................................................
. LaTeX info: "xparse/define-command"
. 
. Defining command \newopentypefeature with sig. 'mmm' on line 241.
.................................................
.................................................
. LaTeX info: "xparse/define-command"
. 
. Defining command \aliasfontfeature with sig. 'mm' on line 265.
.................................................
.................................................
. LaTeX info: "xparse/define-command"
. 
. Defining command \aliasfontfeatureoption with sig. 'mmm' on line 274.
.................................................
.................................................
. LaTeX info: "xparse/define-command"
. 
. Defining command \newfontscript with sig. 'mm' on line 279.
.................................................
.................................................
. LaTeX info: "xparse/define-command"
. 
. Defining command \newfontlanguage with sig. 'mm' on line 305.
.................................................
.................................................
. LaTeX info: "xparse/define-command"
. 
. Defining command \DeclareFontsExtensions with sig. 'm' on line 325.
.................................................
\l__fontspec_tmp_int=\count287
LaTeX Info: Redefining \itshape on input line 2154.
LaTeX Info: Redefining \slshape on input line 2159.
LaTeX Info: Redefining \scshape on input line 2164.
LaTeX Info: Redefining \upshape on input line 2169.

(/usr/share/texlive/texmf-dist/tex/latex/fontspec/fontspec.cfg)))
\g__file_internal_ior=\read2
luaotfload | load : path lookup of "Ubuntu/Ubuntu-Light" unsuccessful, falling b
ack to file:
luaotfload | db : Reload initiated (formats: otf,ttf,ttc,dfont); reason: "File n
ot found: Ubuntu/Ubuntu-Light.".(compiling luc: /usr/share/texlive/texmf-var/lua
tex-cache/generic/fonts/otf/ubuntu-light.luc)(load luc: /home/pingkoc/.texlive20
15/texmf-var/luatex-cache/generic/fonts/otf/ubuntu-light.luc)
luaotfload | load : path lookup of "Ubuntu/Ubuntu-Light" unsuccessful, falling b
ack to file:
\g__fontspec_family_Ubuntu-Light_int=\count288
luaotfload | load : path lookup of "Ubuntu/Ubuntu-Light" unsuccessful, falling b
ack to file:
luaotfload | load : path lookup of "Ubuntu/Ubuntu-Light" unsuccessful, falling b
ack to file:
luaotfload | aux : font no 21 (Ubuntu-Light) does not define feature smcp for sc
ript latn with language dflt
luaotfload | aux : no font with id 21
luaotfload | load : path lookup of "Ubuntu/Ubuntu-Bold" unsuccessful, falling ba
ck to file:(compiling luc: /usr/share/texlive/texmf-var/luatex-cache/generic/fon
ts/otf/ubuntu-bold.luc)(load luc: /home/pingkoc/.texlive2015/texmf-var/luatex-ca
che/generic/fonts/otf/ubuntu-bold.luc)
luaotfload | load : path lookup of "Ubuntu/Ubuntu-Bold" unsuccessful, falling ba
ck to file:
luaotfload | aux : font no 22 (Ubuntu-Bold) does not define feature smcp for scr
ipt latn with language dflt
luaotfload | aux : no font with id 22
luaotfload | load : path lookup of "Ubuntu/Ubuntu-Italic" unsuccessful, falling 
back to file:(compiling luc: /usr/share/texlive/texmf-var/luatex-cache/generic/f
onts/otf/ubuntu-italic.luc)(load luc: /home/pingkoc/.texlive2015/texmf-var/luate
x-cache/generic/fonts/otf/ubuntu-italic.luc)
luaotfload | load : path lookup of "Ubuntu/Ubuntu-Italic" unsuccessful, falling 
back to file:
luaotfload | aux : font no 23 (Ubuntu-Italic) does not define feature smcp for s
cript latn with language dflt
luaotfload | aux : no font with id 23
luaotfload | load : path lookup of "Ubuntu/Ubuntu-BoldItalic" unsuccessful, fall
ing back to file:(compiling luc: /usr/share/texlive/texmf-var/luatex-cache/gener
ic/fonts/otf/ubuntu-bolditalic.luc)(load luc: /home/pingkoc/.texlive2015/texmf-v
ar/luatex-cache/generic/fonts/otf/ubuntu-bolditalic.luc)
luaotfload | load : path lookup of "Ubuntu/Ubuntu-BoldItalic" unsuccessful, fall
ing back to file:
luaotfload | aux : font no 24 (Ubuntu-BoldItalic) does not define feature smcp f
or script latn with language dflt
luaotfload | aux : no font with id 24
.................................................
. fontspec info: "defining-font"
. 
. Font family 'Ubuntu-Light(0)' created for font 'Ubuntu-Light' with options
. [Ligatures=TeX,Color=primary,Path =
. Ubuntu/,BoldItalicFont=Ubuntu-BoldItalic,BoldFont=Ubuntu-Bold,ItalicFont=Ubunt
u-Italic].
. 
. This font family consists of the following shapes:
. 
. * 'normal' with NFSS spec.:
. 
. <->"[Ubuntu/Ubuntu-Light]:mode=node;script=latn;language=DFLT;+tlig;+trep;colo
r=2B2B2BFF
. ;"
. 
. * 'small caps' with NFSS spec.:
. 
. and font adjustment code:
. 
. 
. * 'bold' with NFSS spec.:
. 
. <->"[Ubuntu/Ubuntu-Bold]:mode=node;script=latn;language=DFLT;+tlig;+trep;color
=2B2B2BFF
. ;"
. 
. * 'bold small caps' with NFSS spec.:
. 
. and font adjustment code:
. 
. 
. * 'italic' with NFSS spec.:
. 
. <->"[Ubuntu/Ubuntu-Italic]:mode=node;script=latn;language=DFLT;+tlig;+trep;col
or=2B2B2BFF
. ;"
. 
. * 'small caps' with NFSS spec.:
. 
. and font adjustment code:
. 
. 
. * 'bold italic' with NFSS spec.:
. 
. <->"[Ubuntu/Ubuntu-BoldItalic]:mode=node;script=latn;language=DFLT;+tlig;+trep
;color=2B2B2BFF
. ;"
. 
. * 'bold small caps' with NFSS spec.:
. 
. and font adjustment code:
. 
.................................................
luaotfload | load : path lookup of "Ubuntu/Ubuntu-Light" unsuccessful, falling b
ack to file:
luatexbase-mcb: inserting 'luaotfload.color_handler'
at position 2 in 'pre_linebreak_filter'
luaotfload | load : path lookup of "sansSerif/Abel-Regular" unsuccessful, fallin
g back to file:(compiling luc: /usr/share/texlive/texmf-var/luatex-cache/generic
/fonts/otf/abel-regular.luc)(load luc: /home/pingkoc/.texlive2015/texmf-var/luat
ex-cache/generic/fonts/otf/abel-regular.luc)
luaotfload | load : path lookup of "sansSerif/Abel-Regular" unsuccessful, fallin
g back to file:
.................................................
. fontspec info: "set-scale"
. 
. Abel-Regular scale = 1.014191211685824.
.................................................

*************************************************
* fontspec warning: "no-mapping-ligtex"
* 
* Input mapping not (yet?) supported in LuaTeX.
* Use "Ligatures=TeX" instead of "Mapping=tex-text".
*************************************************
\g__fontspec_family_Abel-Regular_int=\count289
luaotfload | load : path lookup of "sansSerif/Abel-Regular" unsuccessful, fallin
g back to file:
luaotfload | load : path lookup of "sansSerif/Abel-Regular" unsuccessful, fallin
g back to file:
.................................................
. fontspec info: "set-scale"
. 
. Abel-Regular scale = 1.014191211685824.
.................................................
luaotfload | aux : font no 26 (Abel-Regular) does not define feature smcp for sc
ript latn with language dflt
luaotfload | aux : no font with id 26
.................................................
. fontspec info: "defining-font"
. 
. Font family 'Abel-Regular(0)' created for font 'Abel-Regular' with options
. [Ligatures=TeX,Scale=MatchLowercase,Mapping=tex-text,Path = sansSerif/].
. 
. This font family consists of the following shapes:
. 
. * 'normal' with NFSS spec.:
. 
. <->s*[1.014191211685824]"[sansSerif/Abel-Regular]:mode=node;script=latn;langua
ge=DFLT;+tlig;+trep;+tlig;+trep;"
. 
. * 'small caps' with NFSS spec.:
. 
. and font adjustment code:
. 
.................................................
) (./pingkochiu_resume.aux)
\openout1 = pingkochiu_resume.aux

LaTeX Font Info:    Checking defaults for OML/cmm/m/it on input line 6.
LaTeX Font Info:    ... okay on input line 6.
LaTeX Font Info:    Checking defaults for T1/cmr/m/n on input line 6.
LaTeX Font Info:    ... okay on input line 6.
LaTeX Font Info:    Checking defaults for OT1/cmr/m/n on input line 6.
LaTeX Font Info:    ... okay on input line 6.
LaTeX Font Info:    Checking defaults for OMS/cmsy/m/n on input line 6.
LaTeX Font Info:    ... okay on input line 6.
LaTeX Font Info:    Checking defaults for OMX/cmex/m/n on input line 6.
LaTeX Font Info:    ... okay on input line 6.
LaTeX Font Info:    Checking defaults for U/cmr/m/n on input line 6.
LaTeX Font Info:    ... okay on input line 6.
LaTeX Font Info:    Checking defaults for PD1/pdf/m/n on input line 6.
LaTeX Font Info:    ... okay on input line 6.
LaTeX Font Info:    Checking defaults for EU2/lmr/m/n on input line 6.
LaTeX Font Info:    ... okay on input line 6.
LaTeX Font Info:    Checking defaults for T3/cmr/m/n on input line 6.
LaTeX Font Info:    Try loading font information for T3+cmr on input line 6.

(/usr/share/texlive/texmf-dist/tex/latex/tipa/t3cmr.fd
File: t3cmr.fd 2001/12/31 TIPA font definitions
)
LaTeX Font Info:    ... okay on input line 6.

*geometry* driver: auto-detecting
*geometry* detected driver: pdftex
*geometry* verbose mode - [ preamble ] result:
* driver: pdftex
* paper: letterpaper
* layout: <same size as paper>
* layoutoffset:(h,v)=(0.0pt,0.0pt)
* modes: 
* h-part:(L,W,R)=(28.45274pt, 557.38951pt, 28.45274pt)
* v-part:(T,H,B)=(7.11317pt, 780.74364pt, 7.11317pt)
* \paperwidth=614.295pt
* \paperheight=794.96999pt
* \textwidth=557.38951pt
* \textheight=780.74364pt
* \oddsidemargin=-43.81725pt
* \evensidemargin=-43.81725pt
* \topmargin=-102.15681pt
* \headheight=12.0pt
* \headsep=25.0pt
* \topskip=10.0pt
* \footskip=30.0pt
* \marginparwidth=65.0pt
* \marginparsep=11.0pt
* \columnsep=10.0pt
* \skip\footins=9.0pt plus 4.0pt minus 2.0pt
* \hoffset=0.0pt
* \voffset=0.0pt
* \mag=1000
* \@twocolumnfalse
* \@twosidefalse
* \@mparswitchfalse
* \@reversemarginfalse
* (1in=72.27pt=25.4mm, 1cm=28.453pt)

\AtBeginShipoutBox=\box256
Package hyperref Info: Link coloring OFF on input line 6.
(/usr/share/texlive/texmf-dist/tex/latex/hyperref/nameref.sty
Package: nameref 2012/10/27 v2.43 Cross-referencing by name of section

(/usr/share/texlive/texmf-dist/tex/generic/oberdiek/gettitlestring.sty
Package: gettitlestring 2010/12/03 v1.4 Cleanup title references (HO)
)
\c@section@level=\count290
)
LaTeX Info: Redefining \ref on input line 6.
LaTeX Info: Redefining \pageref on input line 6.
LaTeX Info: Redefining \nameref on input line 6.

(./pingkochiu_resume.out) (./pingkochiu_resume.out)
\@outlinefile=\write3

\openout3 = pingkochiu_resume.out

(/usr/share/texlive/texmf-dist/tex/context/base/supp-pdf.mkii
[Loading MPS to PDF converter (version 2006.09.02).]
\scratchcounter=\count291
\scratchdimen=\dimen261
\scratchbox=\box257
\nofMPsegments=\count292
\nofMParguments=\count293
\everyMPshowfont=\toks19
\MPscratchCnt=\count294
\MPscratchDim=\dimen262
\MPnumerator=\count295
\makeMPintoPDFobject=\count296
\everyMPtoPDFconversion=\toks20
) (/usr/share/texlive/texmf-dist/tex/latex/oberdiek/epstopdf-base.sty
Package: epstopdf-base 2010/02/09 v2.5 Base part for package epstopdf

(/usr/share/texlive/texmf-dist/tex/latex/oberdiek/grfext.sty
Package: grfext 2010/08/19 v1.1 Manage graphics extensions (HO)
)
Package grfext Info: Graphics extension search list:
(grfext)             [.png,.pdf,.jpg,.mps,.tif,.jpeg,.PNG,.PDF,.JPG,.JPEG,.eps]
(grfext)             \AppendGraphicsExtensions on input line 452.

(/usr/share/texlive/texmf-dist/tex/latex/latexconfig/epstopdf-sys.cfg
File: epstopdf-sys.cfg 2010/07/13 v1.3 Configuration of (r)epstopdf for TeX Live

))
.................................................
. fontspec info: "setup-math"
. 
. Adjusting the maths setup (use [no-math] to avoid this).
.................................................
\symlegacymaths=\mathgroup4
LaTeX Font Info:    Overwriting symbol font `legacymaths' in version `bold'
(Font)                  OT1/cmr/m/n --> OT1/cmr/bx/n on input line 6.
LaTeX Font Info:    Redeclaring math accent \acute on input line 6.
LaTeX Font Info:    Redeclaring math accent \grave on input line 6.
LaTeX Font Info:    Redeclaring math accent \ddot on input line 6.
LaTeX Font Info:    Redeclaring math accent \tilde on input line 6.
LaTeX Font Info:    Redeclaring math accent \bar on input line 6.
LaTeX Font Info:    Redeclaring math accent \breve on input line 6.
LaTeX Font Info:    Redeclaring math accent \check on input line 6.
LaTeX Font Info:    Redeclaring math accent \hat on input line 6.
LaTeX Font Info:    Redeclaring math accent \dot on input line 6.
LaTeX Font Info:    Redeclaring math accent \mathring on input line 6.
LaTeX Font Info:    Redeclaring math symbol \colon on input line 6.
LaTeX Font Info:    Redeclaring math symbol \Gamma on input line 6.
LaTeX Font Info:    Redeclaring math symbol \Delta on input line 6.
LaTeX Font Info:    Redeclaring math symbol \Theta on input line 6.
LaTeX Font Info:    Redeclaring math symbol \Lambda on input line 6.
LaTeX Font Info:    Redeclaring math symbol \Xi on input line 6.
LaTeX Font Info:    Redeclaring math symbol \Pi on input line 6.
LaTeX Font Info:    Redeclaring math symbol \Sigma on input line 6.
LaTeX Font Info:    Redeclaring math symbol \Upsilon on input line 6.
LaTeX Font Info:    Redeclaring math symbol \Phi on input line 6.
LaTeX Font Info:    Redeclaring math symbol \Psi on input line 6.
LaTeX Font Info:    Redeclaring math symbol \Omega on input line 6.
LaTeX Font Info:    Redeclaring math symbol \mathdollar on input line 6.
LaTeX Font Info:    Redeclaring symbol font `operators' on input line 6.
LaTeX Font Info:    Encoding `OT1' has changed to `EU2' for symbol font
(Font)              `operators' in the math version `normal' on input line 6.
LaTeX Font Info:    Overwriting symbol font `operators' in version `normal'
(Font)                  OT1/cmr/m/n --> EU2/Ubuntu-Light(0)/m/n on input line 6.

LaTeX Font Info:    Encoding `OT1' has changed to `EU2' for symbol font
(Font)              `operators' in the math version `bold' on input line 6.
LaTeX Font Info:    Overwriting symbol font `operators' in version `bold'
(Font)                  OT1/cmr/bx/n --> EU2/Ubuntu-Light(0)/m/n on input line 6
.
LaTeX Font Info:    Overwriting symbol font `operators' in version `normal'
(Font)                  EU2/Ubuntu-Light(0)/m/n --> EU2/Ubuntu-Light(0)/m/n on i
nput line 6.
LaTeX Font Info:    Overwriting math alphabet `\mathit' in version `normal'
(Font)                  OT1/cmr/m/it --> EU2/Ubuntu-Light(0)/m/it on input line 
6.
LaTeX Font Info:    Overwriting math alphabet `\mathbf' in version `normal'
(Font)                  OT1/cmr/bx/n --> EU2/Ubuntu-Light(0)/bx/n on input line 
6.
LaTeX Font Info:    Overwriting math alphabet `\mathsf' in version `normal'
(Font)                  OT1/cmss/m/n --> EU2/Abel-Regular(0)/m/n on input line 6
.
LaTeX Font Info:    Overwriting math alphabet `\mathtt' in version `normal'
(Font)                  OT1/cmtt/m/n --> EU2/lmtt/m/n on input line 6.
LaTeX Font Info:    Overwriting symbol font `operators' in version `bold'
(Font)                  EU2/Ubuntu-Light(0)/m/n --> EU2/Ubuntu-Light(0)/bx/n on 
input line 6.
LaTeX Font Info:    Overwriting math alphabet `\mathit' in version `bold'
(Font)                  OT1/cmr/bx/it --> EU2/Ubuntu-Light(0)/bx/it on input lin
e 6.
LaTeX Font Info:    Overwriting math alphabet `\mathsf' in version `bold'
(Font)                  OT1/cmss/bx/n --> EU2/Abel-Regular(0)/bx/n on input line
 6.
LaTeX Font Info:    Overwriting math alphabet `\mathtt' in version `bold'
(Font)                  OT1/cmtt/m/n --> EU2/lmtt/bx/n on input line 6.
luaotfload | load : path lookup of "sansSerif/Abel-Regular" unsuccessful, fallin
g back to file:
luaotfload | load : path lookup of "sansSerif/Abel-Regular" unsuccessful, fallin
g back to file:
luaotfload | load : path lookup of "sansSerif/Abel-Regular" unsuccessful, fallin
g back to file:
luaotfload | load : path lookup of "sansSerif/Abel-Regular" unsuccessful, fallin
g back to file:
luaotfload | aux : font no 26 (Abel-Regular) does not define feature smcp for sc
ript latn with language dflt
luaotfload | aux : no font with id 26
.................................................
. fontspec info: "defining-font"
. 
. Font family 'Abel-Regular(1)' created for font 'Abel-Regular' with options
. [Path = sansSerif/].
. 
. This font family consists of the following shapes:
. 
. * 'normal' with NFSS spec.:
. <->"[sansSerif/Abel-Regular]:mode=node;script=latn;language=DFLT;"
. 
. * 'small caps' with NFSS spec.:
. 
. and font adjustment code:
. 
.................................................
luaotfload | load : path lookup of "sansSerif/Abel-Regular" unsuccessful, fallin
g back to file:
luaotfload | load : path lookup of "sansSerif/Abel-Regular" unsuccessful, fallin
g back to file:
luaotfload | load : path lookup of "sansSerif/Abel-Regular" unsuccessful, fallin
g back to file:
luaotfload | load : path lookup of "sansSerif/Abel-Regular" unsuccessful, fallin
g back to file:
luaotfload | load : path lookup of "sansSerif/Abel-Regular" unsuccessful, fallin
g back to file:
luaotfload | load : path lookup of "sansSerif/Abel-Regular" unsuccessful, fallin
g back to file:
luaotfload | load : path lookup of "sansSerif/Abel-Regular" unsuccessful, fallin
g back to file:
luaotfload | load : path lookup of "sansSerif/Abel-Regular" unsuccessful, fallin
g back to file:
luaotfload | load : path lookup of "sansSerif/Abel-Regular" unsuccessful, fallin
g back to file:
luaotfload | load : path lookup of "Ubuntu/Ubuntu-Light" unsuccessful, falling b
ack to file:
luaotfload | load : path lookup of "Ubuntu/Ubuntu-Bold" unsuccessful, falling ba
ck to file:
Overfull \hbox (1.51999pt too wide) in paragraph at lines 21--22
[][] []
 []


Underfull \hbox (badness 10000) in paragraph at lines 21--22

 []

luaotfload | load : path lookup of "sansSerif/Abel-Regular" unsuccessful, fallin
g back to file:
luaotfload | load : path lookup of "sansSerif/Abel-Regular" unsuccessful, fallin
g back to file:
luaotfload | load : path lookup of "sansSerif/Abel-Regular" unsuccessful, fallin
g back to file:
luaotfload | load : path lookup of "Ubuntu/Ubuntu-Light" unsuccessful, falling b
ack to file:
luaotfload | load : path lookup of "Ubuntu/Ubuntu-Bold" unsuccessful, falling ba
ck to file:
luaotfload | load : path lookup of "sansSerif/Abel-Regular" unsuccessful, fallin
g back to file:
luaotfload | load : path lookup of "sansSerif/Abel-Regular" unsuccessful, fallin
g back to file:

LaTeX Font Warning: Font shape `EU2/Abel-Regular(1)/bx/n' undefined
(Font)              using `EU2/Abel-Regular(1)/m/n' instead on input line 26.

luaotfload | load : path lookup of "sansSerif/Abel-Regular" unsuccessful, fallin
g back to file:
luaotfload | load : path lookup of "Ubuntu/Ubuntu-Light" unsuccessful, falling b
ack to file:
luaotfload | load : path lookup of "Ubuntu/Ubuntu-Light" unsuccessful, falling b
ack to file:
luaotfload | load : path lookup of "Ubuntu/Ubuntu-Light" unsuccessful, falling b
ack to file:
luaotfload | load : path lookup of "Ubuntu/Ubuntu-Light" unsuccessful, falling b
ack to file:
luaotfload | aux : font no 39 (Ubuntu-Light) does not define feature smcp for sc
ript latn with language dflt
luaotfload | aux : no font with id 39
luaotfload | load : path lookup of "sansSerif/Abel-Regular" unsuccessful, fallin
g back to file:
.................................................
. fontspec info: "defining-font"
. 
. Font family 'Ubuntu-Light(1)' created for font 'Ubuntu-Light' with options
. [Path = Ubuntu/].
. 
. This font family consists of the following shapes:
. 
. * 'normal' with NFSS spec.:
. <->"[Ubuntu/Ubuntu-Light]:mode=node;script=latn;language=DFLT;"
. 
. * 'small caps' with NFSS spec.:
. 
. and font adjustment code:
. 
.................................................

LaTeX Font Warning: Font shape `EU2/Ubuntu-Light(1)/bx/n' undefined
(Font)              using `EU2/Ubuntu-Light(1)/m/n' instead on input line 28.

luaotfload | load : path lookup of "Ubuntu/Ubuntu-Light" unsuccessful, falling b
ack to file:
luaotfload | load : path lookup of "Ubuntu/Ubuntu-Light" unsuccessful, falling b
ack to file:
Underfull \hbox (badness 10000) in paragraph at lines 30--31

 []

luaotfload | load : path lookup of "sansSerif/Abel-Regular" unsuccessful, fallin
g back to file:
luaotfload | load : path lookup of "sansSerif/Abel-Regular" unsuccessful, fallin
g back to file:
luaotfload | load : path lookup of "sansSerif/Abel-Regular" unsuccessful, fallin
g back to file:
luaotfload | load : path lookup of "sansSerif/Abel-Regular" unsuccessful, fallin
g back to file:
luaotfload | load : path lookup of "sansSerif/Abel-Regular" unsuccessful, fallin
g back to file:
luaotfload | load : path lookup of "sansSerif/Abel-Regular" unsuccessful, fallin
g back to file:
luaotfload | load : path lookup of "Ubuntu/Ubuntu-Light" unsuccessful, falling b
ack to file:
luaotfload | load : path lookup of "Ubuntu/Ubuntu-Light" unsuccessful, falling b
ack to file:
luaotfload | load : path lookup of "Ubuntu/Ubuntu-Light" unsuccessful, falling b
ack to file:
luaotfload | load : path lookup of "sansSerif/Abel-Regular" unsuccessful, fallin
g back to file:
luaotfload | load : path lookup of "sansSerif/Abel-Regular" unsuccessful, fallin
g back to file:
luaotfload | load : path lookup of "Ubuntu/Ubuntu-Light" unsuccessful, falling b
ack to file:
luaotfload | load : path lookup of "Ubuntu/Ubuntu-Light" unsuccessful, falling b
ack to file:
luaotfload | load : path lookup of "Ubuntu/Ubuntu-Light" unsuccessful, falling b
ack to file:
luaotfload | load : path lookup of "Ubuntu/Ubuntu-Light" unsuccessful, falling b
ack to file:
luaotfload | load : path lookup of "sansSerif/Abel-Regular" unsuccessful, fallin
g back to file:
luaotfload | load : path lookup of "sansSerif/Abel-Regular" unsuccessful, fallin
g back to file:
luaotfload | load : path lookup of "Ubuntu/Ubuntu-Light" unsuccessful, falling b
ack to file:
luaotfload | load : path lookup of "Ubuntu/Ubuntu-Light" unsuccessful, falling b
ack to file:
luaotfload | load : path lookup of "sansSerif/Abel-Regular" unsuccessful, fallin
g back to file:
luaotfload | load : path lookup of "sansSerif/Abel-Regular" unsuccessful, fallin
g back to file:
luaotfload | load : path lookup of "sansSerif/Abel-Regular" unsuccessful, fallin
g back to file:
luaotfload | load : path lookup of "sansSerif/Abel-Regular" unsuccessful, fallin
g back to file:
luaotfload | load : path lookup of "Ubuntu/Ubuntu-Light" unsuccessful, falling b
ack to file:
luaotfload | load : path lookup of "Ubuntu/Ubuntu-Light" unsuccessful, falling b
ack to file:
luaotfload | load : path lookup of "Ubuntu/Ubuntu-Italic" unsuccessful, falling 
back to file:
luaotfload | load : path lookup of "Ubuntu/Ubuntu-Light" unsuccessful, falling b
ack to file:
luaotfload | load : path lookup of "Ubuntu/Ubuntu-Light" unsuccessful, falling b
ack to file:
luaotfload | load : path lookup of "sansSerif/Abel-Regular" unsuccessful, fallin
g back to file:
luaotfload | load : path lookup of "sansSerif/Abel-Regular" unsuccessful, fallin
g back to file:
luaotfload | load : path lookup of "sansSerif/Abel-Regular" unsuccessful, fallin
g back to file:
luaotfload | load : path lookup of "sansSerif/Abel-Regular" unsuccessful, fallin
g back to file:
luaotfload | load : path lookup of "Ubuntu/Ubuntu-Light" unsuccessful, falling b
ack to file:
luaotfload | load : path lookup of "Ubuntu/Ubuntu-Light" unsuccessful, falling b
ack to file:
luaotfload | load : path lookup of "Ubuntu/Ubuntu-Light" unsuccessful, falling b
ack to file:
luaotfload | load : path lookup of "Ubuntu/Ubuntu-Light" unsuccessful, falling b
ack to file:
luaotfload | load : path lookup of "sansSerif/Abel-Regular" unsuccessful, fallin
g back to file:
luaotfload | load : path lookup of "sansSerif/Abel-Regular" unsuccessful, fallin
g back to file:
luaotfload | load : path lookup of "Ubuntu/Ubuntu-Light" unsuccessful, falling b
ack to file:
luaotfload | load : path lookup of "Ubuntu/Ubuntu-Light" unsuccessful, falling b
ack to file:
luaotfload | load : path lookup of "sansSerif/Abel-Regular" unsuccessful, fallin
g back to file:
luaotfload | load : path lookup of "sansSerif/Abel-Regular" unsuccessful, fallin
g back to file:
luaotfload | load : path lookup of "Ubuntu/Ubuntu-Light" unsuccessful, falling b
ack to file:
luaotfload | load : path lookup of "Ubuntu/Ubuntu-Light" unsuccessful, falling b
ack to file:
luaotfload | load : path lookup of "Ubuntu/Ubuntu-Light" unsuccessful, falling b
ack to file:
luaotfload | load : path lookup of "Ubuntu/Ubuntu-Light" unsuccessful, falling b
ack to file:
luaotfload | load : path lookup of "Ubuntu/Ubuntu-Light" unsuccessful, falling b
ack to file:
luaotfload | load : path lookup of "Ubuntu/Ubuntu-Light" unsuccessful, falling b
ack to file:
luaotfload | load : path lookup of "Ubuntu/Ubuntu-Light" unsuccessful, falling b
ack to file:
luaotfload | load : path lookup of "Ubuntu/Ubuntu-Light" unsuccessful, falling b
ack to file:
luaotfload | load : path lookup of "Ubuntu/Ubuntu-Light" unsuccessful, falling b
ack to file:
luaotfload | load : path lookup of "Ubuntu/Ubuntu-Light" unsuccessful, falling b
ack to file:
luaotfload | load : path lookup of "Ubuntu/Ubuntu-Light" unsuccessful, falling b
ack to file:
luaotfload | load : path lookup of "Ubuntu/Ubuntu-Light" unsuccessful, falling b
ack to file:
luaotfload | load : path lookup of "Ubuntu/Ubuntu-Light" unsuccessful, falling b
ack to file:
luaotfload | load : path lookup of "Ubuntu/Ubuntu-Light" unsuccessful, falling b
ack to file:
luaotfload | load : path lookup of "Ubuntu/Ubuntu-Light" unsuccessful, falling b
ack to file:
luaotfload | load : path lookup of "Ubuntu/Ubuntu-Light" unsuccessful, falling b
ack to file:
luaotfload | load : path lookup of "Ubuntu/Ubuntu-Light" unsuccessful, falling b
ack to file:
luaotfload | load : path lookup of "Ubuntu/Ubuntu-Light" unsuccessful, falling b
ack to file:
luaotfload | load : path lookup of "Ubuntu/Ubuntu-Light" unsuccessful, falling b
ack to file:
luaotfload | load : path lookup of "Ubuntu/Ubuntu-Light" unsuccessful, falling b
ack to file:
luaotfload | load : path lookup of "Ubuntu/Ubuntu-Light" unsuccessful, falling b
ack to file:
luaotfload | load : path lookup of "Ubuntu/Ubuntu-Light" unsuccessful, falling b
ack to file:
luaotfload | load : path lookup of "sansSerif/Abel-Regular" unsuccessful, fallin
g back to file:
luaotfload | load : path lookup of "sansSerif/Abel-Regular" unsuccessful, fallin
g back to file:
luaotfload | load : path lookup of "Ubuntu/Ubuntu-Light" unsuccessful, falling b
ack to file:
luaotfload | load : path lookup of "Ubuntu/Ubuntu-Light" unsuccessful, falling b
ack to file:
luaotfload | load : path lookup of "Ubuntu/Ubuntu-Light" unsuccessful, falling b
ack to file:
luaotfload | load : path lookup of "Ubuntu/Ubuntu-Light" unsuccessful, falling b
ack to file:
luaotfload | load : path lookup of "sansSerif/Abel-Regular" unsuccessful, fallin
g back to file:
luaotfload | load : path lookup of "sansSerif/Abel-Regular" unsuccessful, fallin
g back to file:
luaotfload | load : path lookup of "sansSerif/Abel-Regular" unsuccessful, fallin
g back to file:
luaotfload | load : path lookup of "Ubuntu/Ubuntu-Light" unsuccessful, falling b
ack to file:
luaotfload | load : path lookup of "Ubuntu/Ubuntu-Light" unsuccessful, falling b
ack to file:
luaotfload | load : path lookup of "Ubuntu/Ubuntu-Light" unsuccessful, falling b
ack to file:
luaotfload | load : path lookup of "Ubuntu/Ubuntu-Light" unsuccessful, falling b
ack to file:
luaotfload | load : path lookup of "Ubuntu/Ubuntu-Light" unsuccessful, falling b
ack to file:
luaotfload | load : path lookup of "Ubuntu/Ubuntu-Light" unsuccessful, falling b
ack to file:
luaotfload | load : path lookup of "sansSerif/Abel-Regular" unsuccessful, fallin
g back to file:
luaotfload | load : path lookup of "sansSerif/Abel-Regular" unsuccessful, fallin
g back to file:
luaotfload | load : path lookup of "Ubuntu/Ubuntu-Light" unsuccessful, falling b
ack to file:
luaotfload | load : path lookup of "Ubuntu/Ubuntu-Light" unsuccessful, falling b
ack to file:
luaotfload | load : path lookup of "Ubuntu/Ubuntu-Light" unsuccessful, falling b
ack to file:
luaotfload | load : path lookup of "Ubuntu/Ubuntu-Light" unsuccessful, falling b
ack to file:
Package atveryend Info: Empty hook `BeforeClearDocument' on input line 97.
[1

{/usr/share/texlive/texmf-dist/fonts/map/pdftex/updmap/pdftex.map}]
Package atveryend Info: Empty hook `AfterLastShipout' on input line 97.

(./pingkochiu_resume.aux)
Package atveryend Info: Executing hook `AtVeryEndDocument' on input line 97.
Package atveryend Info: Executing hook `AtEndAfterFileList' on input line 97.
Package rerunfilecheck Info: File `pingkochiu_resume.out' has not changed.
(rerunfilecheck)             Checksum: D41D8CD98F00B204E9800998ECF8427E;0.


LaTeX Font Warning: Some font shapes were not available, defaults substituted.

Package atveryend Info: Empty hook `AtVeryVeryEnd' on input line 97.
)

Here is how much of LuaTeX's memory you used:
 20150 strings out of 494821
 100000,460012 words of node,token memory allocated
 366 words of node memory still in use:
   3 hlist, 1 vlist, 1 rule, 2 glue, 1 kern, 4 attribute, 43 glue_spec, 4 attrib
ute_list, 1 write nodes
   avail lists: 2:7429,3:709,4:1398,5:91,6:2332,7:19,8:8,9:276,10:234
 22907 multiletter control sequences out of 65536+600000
 49 fonts using 5174583 bytes
 54i,5n,107p,1175b,322s stack positions out of 5000i,500n,10000p,200000b,100000s
<./Ubuntu/Ubuntu-Italic.ttf><./Ubuntu/Ubuntu-Light.ttf><./Ubuntu/Ubuntu-Bold.ttf
><./sansSerif/Abel-Regular.ttf>
Output written on pingkochiu_resume.pdf (1 page, 45737 bytes).

PDF statistics: 46 PDF objects out of 1000 (max. 8388607)
 30 compressed objects within 1 object stream
 2 named destinations out of 1000 (max. 131072)
 1 words of extra memory for PDF output out of 10000 (max. 10000000)

